<?xml version="1.0" encoding="UTF-8"?>
<coverage generated="1680605918955" clover="3.2.0">
  <project timestamp="1680605918955" name="All files">
    <metrics statements="73" coveredstatements="73" conditionals="28" coveredconditionals="28" methods="13" coveredmethods="13" elements="114" coveredelements="114" complexity="0" loc="73" ncloc="73" packages="1" files="2" classes="2"/>
    <file name="order.js" path="/Users/andy/projects/till-tech-test/order.js">
      <metrics statements="26" coveredstatements="26" conditionals="18" coveredconditionals="18" methods="8" coveredmethods="8"/>
      <line num="1" count="2" type="stmt"/>
      <line num="5" count="25" type="stmt"/>
      <line num="6" count="22" type="stmt"/>
      <line num="7" count="20" type="stmt"/>
      <line num="8" count="20" type="stmt"/>
      <line num="9" count="20" type="stmt"/>
      <line num="13" count="4" type="stmt"/>
      <line num="17" count="3" type="stmt"/>
      <line num="18" count="1" type="stmt"/>
      <line num="22" count="4" type="stmt"/>
      <line num="26" count="4" type="stmt"/>
      <line num="27" count="1" type="stmt"/>
      <line num="31" count="18" type="stmt"/>
      <line num="32" count="15" type="stmt"/>
      <line num="36" count="5" type="stmt"/>
      <line num="37" count="2" type="cond" truecount="2" falsecount="0"/>
      <line num="38" count="1" type="stmt"/>
      <line num="42" count="10" type="stmt"/>
      <line num="46" count="29" type="cond" truecount="2" falsecount="0"/>
      <line num="47" count="27" type="cond" truecount="4" falsecount="0"/>
      <line num="51" count="25" type="cond" truecount="2" falsecount="0"/>
      <line num="52" count="23" type="cond" truecount="2" falsecount="0"/>
      <line num="56" count="23" type="cond" truecount="2" falsecount="0"/>
      <line num="57" count="21" type="cond" truecount="2" falsecount="0"/>
      <line num="58" count="19" type="cond" truecount="2" falsecount="0"/>
      <line num="62" count="2" type="stmt"/>
    </file>
    <file name="receipt.js" path="/Users/andy/projects/till-tech-test/receipt.js">
      <metrics statements="47" coveredstatements="47" conditionals="10" coveredconditionals="10" methods="5" coveredmethods="5"/>
      <line num="1" count="2" type="stmt"/>
      <line num="5" count="17" type="stmt"/>
      <line num="6" count="13" type="stmt"/>
      <line num="7" count="13" type="stmt"/>
      <line num="11" count="18" type="stmt"/>
      <line num="12" count="18" type="stmt"/>
      <line num="16" count="18" type="stmt"/>
      <line num="17" count="18" type="stmt"/>
      <line num="18" count="18" type="stmt"/>
      <line num="19" count="18" type="stmt"/>
      <line num="20" count="18" type="stmt"/>
      <line num="21" count="18" type="stmt"/>
      <line num="22" count="18" type="stmt"/>
      <line num="23" count="18" type="stmt"/>
      <line num="24" count="18" type="stmt"/>
      <line num="28" count="17" type="stmt"/>
      <line num="37" count="18" type="stmt"/>
      <line num="38" count="18" type="stmt"/>
      <line num="39" count="56" type="cond" truecount="2" falsecount="0"/>
      <line num="40" count="18" type="stmt"/>
      <line num="41" count="18" type="stmt"/>
      <line num="42" count="18" type="stmt"/>
      <line num="44" count="38" type="cond" truecount="2" falsecount="0"/>
      <line num="45" count="20" type="stmt"/>
      <line num="46" count="20" type="stmt"/>
      <line num="47" count="20" type="stmt"/>
      <line num="49" count="18" type="stmt"/>
      <line num="50" count="18" type="stmt"/>
      <line num="54" count="18" type="stmt"/>
      <line num="55" count="18" type="stmt"/>
      <line num="56" count="38" type="stmt"/>
      <line num="57" count="38" type="stmt"/>
      <line num="58" count="38" type="stmt"/>
      <line num="61" count="18" type="stmt"/>
      <line num="65" count="18" type="stmt"/>
      <line num="66" count="18" type="stmt"/>
      <line num="67" count="18" type="stmt"/>
      <line num="68" count="56" type="stmt"/>
      <line num="70" count="18" type="stmt"/>
      <line num="71" count="18" type="stmt"/>
      <line num="72" count="18" type="stmt"/>
      <line num="76" count="18" type="stmt"/>
      <line num="77" count="18" type="stmt"/>
      <line num="81" count="17" type="cond" truecount="2" falsecount="0"/>
      <line num="82" count="16" type="cond" truecount="2" falsecount="0"/>
      <line num="83" count="15" type="cond" truecount="2" falsecount="0"/>
      <line num="87" count="2" type="stmt"/>
    </file>
  </project>
</coverage>
