<?xml version="1.0" encoding="UTF-8"?>
<coverage generated="1680705704114" clover="3.2.0">
  <project timestamp="1680705704114" name="All files">
    <metrics statements="104" coveredstatements="104" conditionals="50" coveredconditionals="50" methods="19" coveredmethods="19" elements="173" coveredelements="173" complexity="0" loc="104" ncloc="104" packages="1" files="4" classes="4"/>
    <file name="order.js" path="/Users/andy/projects/till-tech-test/order.js">
      <metrics statements="26" coveredstatements="26" conditionals="18" coveredconditionals="18" methods="8" coveredmethods="8"/>
      <line num="1" count="2" type="stmt"/>
      <line num="5" count="25" type="stmt"/>
      <line num="6" count="22" type="stmt"/>
      <line num="7" count="22" type="stmt"/>
      <line num="8" count="20" type="stmt"/>
      <line num="9" count="20" type="stmt"/>
      <line num="13" count="4" type="stmt"/>
      <line num="17" count="3" type="stmt"/>
      <line num="18" count="1" type="stmt"/>
      <line num="22" count="4" type="stmt"/>
      <line num="26" count="4" type="stmt"/>
      <line num="27" count="1" type="stmt"/>
      <line num="31" count="18" type="stmt"/>
      <line num="32" count="15" type="stmt"/>
      <line num="36" count="5" type="stmt"/>
      <line num="37" count="2" type="cond" truecount="2" falsecount="0"/>
      <line num="38" count="1" type="stmt"/>
      <line num="42" count="20" type="stmt"/>
      <line num="46" count="29" type="cond" truecount="2" falsecount="0"/>
      <line num="47" count="27" type="cond" truecount="4" falsecount="0"/>
      <line num="51" count="25" type="cond" truecount="2" falsecount="0"/>
      <line num="52" count="23" type="cond" truecount="2" falsecount="0"/>
      <line num="56" count="23" type="cond" truecount="2" falsecount="0"/>
      <line num="57" count="21" type="cond" truecount="2" falsecount="0"/>
      <line num="58" count="19" type="cond" truecount="2" falsecount="0"/>
      <line num="62" count="2" type="stmt"/>
    </file>
    <file name="payment.js" path="/Users/andy/projects/till-tech-test/payment.js">
      <metrics statements="19" coveredstatements="19" conditionals="12" coveredconditionals="12" methods="3" coveredmethods="3"/>
      <line num="3" count="12" type="stmt"/>
      <line num="4" count="9" type="stmt"/>
      <line num="5" count="9" type="stmt"/>
      <line num="6" count="6" type="stmt"/>
      <line num="10" count="4" type="stmt"/>
      <line num="11" count="4" type="stmt"/>
      <line num="12" count="4" type="stmt"/>
      <line num="16" count="3" type="stmt"/>
      <line num="20" count="12" type="cond" truecount="4" falsecount="0"/>
      <line num="21" count="2" type="stmt"/>
      <line num="22" count="10" type="cond" truecount="2" falsecount="0"/>
      <line num="23" count="1" type="stmt"/>
      <line num="28" count="9" type="cond" truecount="2" falsecount="0"/>
      <line num="29" count="1" type="stmt"/>
      <line num="30" count="8" type="cond" truecount="2" falsecount="0"/>
      <line num="31" count="1" type="stmt"/>
      <line num="32" count="7" type="cond" truecount="2" falsecount="0"/>
      <line num="33" count="1" type="stmt"/>
      <line num="38" count="2" type="stmt"/>
    </file>
    <file name="priceCalculator.js" path="/Users/andy/projects/till-tech-test/priceCalculator.js">
      <metrics statements="15" coveredstatements="15" conditionals="6" coveredconditionals="6" methods="4" coveredmethods="4"/>
      <line num="1" count="2" type="stmt"/>
      <line num="5" count="10" type="stmt"/>
      <line num="6" count="7" type="stmt"/>
      <line num="10" count="14" type="stmt"/>
      <line num="11" count="14" type="stmt"/>
      <line num="12" count="14" type="stmt"/>
      <line num="13" count="50" type="stmt"/>
      <line num="15" count="14" type="stmt"/>
      <line num="19" count="4" type="stmt"/>
      <line num="20" count="4" type="stmt"/>
      <line num="24" count="10" type="cond" truecount="4" falsecount="0"/>
      <line num="25" count="2" type="stmt"/>
      <line num="26" count="8" type="cond" truecount="2" falsecount="0"/>
      <line num="27" count="1" type="stmt"/>
      <line num="32" count="2" type="stmt"/>
    </file>
    <file name="receipt.js" path="/Users/andy/projects/till-tech-test/receipt.js">
      <metrics statements="44" coveredstatements="44" conditionals="14" coveredconditionals="14" methods="4" coveredmethods="4"/>
      <line num="1" count="2" type="stmt"/>
      <line num="5" count="23" type="stmt"/>
      <line num="6" count="19" type="stmt"/>
      <line num="7" count="19" type="stmt"/>
      <line num="8" count="17" type="stmt"/>
      <line num="9" count="17" type="stmt"/>
      <line num="13" count="24" type="stmt"/>
      <line num="14" count="24" type="stmt"/>
      <line num="15" count="24" type="stmt"/>
      <line num="16" count="24" type="stmt"/>
      <line num="17" count="24" type="stmt"/>
      <line num="18" count="24" type="stmt"/>
      <line num="19" count="24" type="stmt"/>
      <line num="20" count="24" type="stmt"/>
      <line num="21" count="24" type="stmt"/>
      <line num="22" count="24" type="stmt"/>
      <line num="23" count="24" type="stmt"/>
      <line num="24" count="24" type="stmt"/>
      <line num="28" count="23" type="stmt"/>
      <line num="37" count="24" type="stmt"/>
      <line num="38" count="24" type="stmt"/>
      <line num="39" count="74" type="cond" truecount="2" falsecount="0"/>
      <line num="40" count="24" type="stmt"/>
      <line num="41" count="24" type="stmt"/>
      <line num="42" count="24" type="stmt"/>
      <line num="44" count="50" type="cond" truecount="2" falsecount="0"/>
      <line num="45" count="26" type="stmt"/>
      <line num="46" count="26" type="stmt"/>
      <line num="47" count="26" type="stmt"/>
      <line num="49" count="24" type="stmt"/>
      <line num="50" count="24" type="stmt"/>
      <line num="54" count="24" type="stmt"/>
      <line num="55" count="24" type="stmt"/>
      <line num="56" count="50" type="stmt"/>
      <line num="57" count="50" type="stmt"/>
      <line num="58" count="50" type="stmt"/>
      <line num="61" count="24" type="stmt"/>
      <line num="65" count="23" type="cond" truecount="4" falsecount="0"/>
      <line num="66" count="2" type="stmt"/>
      <line num="67" count="21" type="cond" truecount="2" falsecount="0"/>
      <line num="68" count="2" type="stmt"/>
      <line num="73" count="19" type="cond" truecount="4" falsecount="0"/>
      <line num="74" count="2" type="stmt"/>
      <line num="79" count="2" type="stmt"/>
    </file>
  </project>
</coverage>
