{"/Users/andy/projects/till-tech-test/order.js": {"path":"/Users/andy/projects/till-tech-test/order.js","statementMap":{"0":{"start":{"line":1,"column":13},"end":{"line":1,"column":39}},"1":{"start":{"line":5,"column":4},"end":{"line":5,"column":37}},"2":{"start":{"line":6,"column":4},"end":{"line":6,"column":31}},"3":{"start":{"line":7,"column":4},"end":{"line":7,"column":24}},"4":{"start":{"line":8,"column":4},"end":{"line":8,"column":24}},"5":{"start":{"line":9,"column":4},"end":{"line":9,"column":21}},"6":{"start":{"line":13,"column":4},"end":{"line":13,"column":23}},"7":{"start":{"line":17,"column":4},"end":{"line":17,"column":31}},"8":{"start":{"line":18,"column":4},"end":{"line":18,"column":24}},"9":{"start":{"line":22,"column":4},"end":{"line":22,"column":23}},"10":{"start":{"line":26,"column":4},"end":{"line":26,"column":37}},"11":{"start":{"line":27,"column":4},"end":{"line":27,"column":24}},"12":{"start":{"line":31,"column":4},"end":{"line":31,"column":29}},"13":{"start":{"line":32,"column":4},"end":{"line":32,"column":27}},"14":{"start":{"line":36,"column":4},"end":{"line":36,"column":29}},"15":{"start":{"line":37,"column":4},"end":{"line":37,"column":104}},"16":{"start":{"line":37,"column":37},"end":{"line":37,"column":104}},"17":{"start":{"line":38,"column":4},"end":{"line":38,"column":53}},"18":{"start":{"line":42,"column":4},"end":{"line":42,"column":23}},"19":{"start":{"line":46,"column":4},"end":{"line":46,"column":77}},"20":{"start":{"line":46,"column":35},"end":{"line":46,"column":77}},"21":{"start":{"line":47,"column":4},"end":{"line":47,"column":90}},"22":{"start":{"line":47,"column":32},"end":{"line":47,"column":90}},"23":{"start":{"line":51,"column":4},"end":{"line":51,"column":77}},"24":{"start":{"line":51,"column":35},"end":{"line":51,"column":77}},"25":{"start":{"line":52,"column":4},"end":{"line":52,"column":72}},"26":{"start":{"line":52,"column":22},"end":{"line":52,"column":72}},"27":{"start":{"line":56,"column":4},"end":{"line":56,"column":79}},"28":{"start":{"line":56,"column":34},"end":{"line":56,"column":79}},"29":{"start":{"line":57,"column":4},"end":{"line":57,"column":61}},"30":{"start":{"line":57,"column":21},"end":{"line":57,"column":61}},"31":{"start":{"line":58,"column":4},"end":{"line":58,"column":100}},"32":{"start":{"line":58,"column":49},"end":{"line":58,"column":100}},"33":{"start":{"line":62,"column":0},"end":{"line":62,"column":23}}},"fnMap":{"0":{"name":"(anonymous_0)","decl":{"start":{"line":4,"column":2},"end":{"line":4,"column":3}},"loc":{"start":{"line":4,"column":28},"end":{"line":10,"column":3}},"line":4},"1":{"name":"(anonymous_1)","decl":{"start":{"line":12,"column":2},"end":{"line":12,"column":3}},"loc":{"start":{"line":12,"column":13},"end":{"line":14,"column":3}},"line":12},"2":{"name":"(anonymous_2)","decl":{"start":{"line":16,"column":2},"end":{"line":16,"column":3}},"loc":{"start":{"line":16,"column":18},"end":{"line":19,"column":3}},"line":16},"3":{"name":"(anonymous_3)","decl":{"start":{"line":21,"column":2},"end":{"line":21,"column":3}},"loc":{"start":{"line":21,"column":13},"end":{"line":23,"column":3}},"line":21},"4":{"name":"(anonymous_4)","decl":{"start":{"line":25,"column":2},"end":{"line":25,"column":3}},"loc":{"start":{"line":25,"column":18},"end":{"line":28,"column":3}},"line":25},"5":{"name":"(anonymous_5)","decl":{"start":{"line":30,"column":2},"end":{"line":30,"column":3}},"loc":{"start":{"line":30,"column":16},"end":{"line":33,"column":3}},"line":30},"6":{"name":"(anonymous_6)","decl":{"start":{"line":35,"column":2},"end":{"line":35,"column":3}},"loc":{"start":{"line":35,"column":19},"end":{"line":39,"column":3}},"line":35},"7":{"name":"(anonymous_7)","decl":{"start":{"line":41,"column":2},"end":{"line":41,"column":3}},"loc":{"start":{"line":41,"column":13},"end":{"line":43,"column":3}},"line":41}},"branchMap":{"0":{"loc":{"start":{"line":37,"column":4},"end":{"line":37,"column":104}},"type":"if","locations":[{"start":{"line":37,"column":4},"end":{"line":37,"column":104}},{"start":{},"end":{}}],"line":37},"1":{"loc":{"start":{"line":46,"column":4},"end":{"line":46,"column":77}},"type":"if","locations":[{"start":{"line":46,"column":4},"end":{"line":46,"column":77}},{"start":{},"end":{}}],"line":46},"2":{"loc":{"start":{"line":47,"column":4},"end":{"line":47,"column":90}},"type":"if","locations":[{"start":{"line":47,"column":4},"end":{"line":47,"column":90}},{"start":{},"end":{}}],"line":47},"3":{"loc":{"start":{"line":47,"column":8},"end":{"line":47,"column":30}},"type":"binary-expr","locations":[{"start":{"line":47,"column":8},"end":{"line":47,"column":17}},{"start":{"line":47,"column":21},"end":{"line":47,"column":30}}],"line":47},"4":{"loc":{"start":{"line":51,"column":4},"end":{"line":51,"column":77}},"type":"if","locations":[{"start":{"line":51,"column":4},"end":{"line":51,"column":77}},{"start":{},"end":{}}],"line":51},"5":{"loc":{"start":{"line":52,"column":4},"end":{"line":52,"column":72}},"type":"if","locations":[{"start":{"line":52,"column":4},"end":{"line":52,"column":72}},{"start":{},"end":{}}],"line":52},"6":{"loc":{"start":{"line":56,"column":4},"end":{"line":56,"column":79}},"type":"if","locations":[{"start":{"line":56,"column":4},"end":{"line":56,"column":79}},{"start":{},"end":{}}],"line":56},"7":{"loc":{"start":{"line":57,"column":4},"end":{"line":57,"column":61}},"type":"if","locations":[{"start":{"line":57,"column":4},"end":{"line":57,"column":61}},{"start":{},"end":{}}],"line":57},"8":{"loc":{"start":{"line":58,"column":4},"end":{"line":58,"column":100}},"type":"if","locations":[{"start":{"line":58,"column":4},"end":{"line":58,"column":100}},{"start":{},"end":{}}],"line":58}},"s":{"0":3,"1":25,"2":22,"3":20,"4":20,"5":20,"6":4,"7":3,"8":1,"9":4,"10":4,"11":1,"12":18,"13":15,"14":5,"15":2,"16":1,"17":1,"18":14,"19":29,"20":2,"21":27,"22":4,"23":25,"24":2,"25":23,"26":2,"27":23,"28":2,"29":21,"30":2,"31":19,"32":2,"33":3},"f":{"0":25,"1":4,"2":3,"3":4,"4":4,"5":18,"6":5,"7":14},"b":{"0":[1,1],"1":[2,27],"2":[4,23],"3":[27,25],"4":[2,23],"5":[2,21],"6":[2,21],"7":[2,19],"8":[2,17]},"_coverageSchema":"1a1c01bbd47fc00a2c39e90264f33305004495a9","hash":"6b1eb55fd2f9b8b7f52ae878dd78c05d263360ad"}
,"/Users/andy/projects/till-tech-test/priceCalculator.js": {"path":"/Users/andy/projects/till-tech-test/priceCalculator.js","statementMap":{"0":{"start":{"line":1,"column":13},"end":{"line":1,"column":39}},"1":{"start":{"line":5,"column":4},"end":{"line":5,"column":31}},"2":{"start":{"line":6,"column":4},"end":{"line":6,"column":24}},"3":{"start":{"line":10,"column":18},"end":{"line":10,"column":40}},"4":{"start":{"line":11,"column":21},"end":{"line":11,"column":22}},"5":{"start":{"line":12,"column":4},"end":{"line":14,"column":6}},"6":{"start":{"line":13,"column":6},"end":{"line":13,"column":44}},"7":{"start":{"line":15,"column":4},"end":{"line":15,"column":22}},"8":{"start":{"line":19,"column":16},"end":{"line":19,"column":76}},"9":{"start":{"line":20,"column":4},"end":{"line":20,"column":15}},"10":{"start":{"line":24,"column":4},"end":{"line":28,"column":5}},"11":{"start":{"line":25,"column":6},"end":{"line":25,"column":75}},"12":{"start":{"line":26,"column":11},"end":{"line":28,"column":5}},"13":{"start":{"line":27,"column":6},"end":{"line":27,"column":63}},"14":{"start":{"line":32,"column":0},"end":{"line":32,"column":33}}},"fnMap":{"0":{"name":"(anonymous_0)","decl":{"start":{"line":4,"column":2},"end":{"line":4,"column":3}},"loc":{"start":{"line":4,"column":21},"end":{"line":7,"column":3}},"line":4},"1":{"name":"(anonymous_1)","decl":{"start":{"line":9,"column":2},"end":{"line":9,"column":3}},"loc":{"start":{"line":9,"column":24},"end":{"line":16,"column":3}},"line":9},"2":{"name":"(anonymous_2)","decl":{"start":{"line":12,"column":18},"end":{"line":12,"column":19}},"loc":{"start":{"line":12,"column":28},"end":{"line":14,"column":5}},"line":12},"3":{"name":"(anonymous_3)","decl":{"start":{"line":18,"column":2},"end":{"line":18,"column":3}},"loc":{"start":{"line":18,"column":17},"end":{"line":21,"column":3}},"line":18}},"branchMap":{"0":{"loc":{"start":{"line":24,"column":4},"end":{"line":28,"column":5}},"type":"if","locations":[{"start":{"line":24,"column":4},"end":{"line":28,"column":5}},{"start":{"line":26,"column":11},"end":{"line":28,"column":5}}],"line":24},"1":{"loc":{"start":{"line":24,"column":8},"end":{"line":24,"column":73}},"type":"binary-expr","locations":[{"start":{"line":24,"column":8},"end":{"line":24,"column":33}},{"start":{"line":24,"column":37},"end":{"line":24,"column":73}}],"line":24},"2":{"loc":{"start":{"line":26,"column":11},"end":{"line":28,"column":5}},"type":"if","locations":[{"start":{"line":26,"column":11},"end":{"line":28,"column":5}},{"start":{},"end":{}}],"line":26}},"s":{"0":2,"1":10,"2":7,"3":8,"4":8,"5":8,"6":26,"7":8,"8":4,"9":4,"10":10,"11":2,"12":8,"13":1,"14":2},"f":{"0":10,"1":8,"2":26,"3":4},"b":{"0":[2,8],"1":[10,9],"2":[1,7]},"_coverageSchema":"1a1c01bbd47fc00a2c39e90264f33305004495a9","hash":"d3455e28c2fb7c79d395b75681a156ef75c14951"}
,"/Users/andy/projects/till-tech-test/receipt.js": {"path":"/Users/andy/projects/till-tech-test/receipt.js","statementMap":{"0":{"start":{"line":1,"column":13},"end":{"line":1,"column":39}},"1":{"start":{"line":5,"column":4},"end":{"line":5,"column":31}},"2":{"start":{"line":6,"column":4},"end":{"line":6,"column":51}},"3":{"start":{"line":7,"column":4},"end":{"line":7,"column":24}},"4":{"start":{"line":8,"column":4},"end":{"line":8,"column":44}},"5":{"start":{"line":12,"column":21},"end":{"line":12,"column":94}},"6":{"start":{"line":13,"column":21},"end":{"line":13,"column":85}},"7":{"start":{"line":14,"column":18},"end":{"line":14,"column":60}},"8":{"start":{"line":15,"column":17},"end":{"line":15,"column":46}},"9":{"start":{"line":16,"column":18},"end":{"line":16,"column":37}},"10":{"start":{"line":17,"column":16},"end":{"line":17,"column":98}},"11":{"start":{"line":18,"column":23},"end":{"line":18,"column":114}},"12":{"start":{"line":19,"column":20},"end":{"line":19,"column":105}},"13":{"start":{"line":20,"column":4},"end":{"line":20,"column":19}},"14":{"start":{"line":24,"column":4},"end":{"line":29,"column":13}},"15":{"start":{"line":33,"column":18},"end":{"line":33,"column":40}},"16":{"start":{"line":34,"column":31},"end":{"line":48,"column":10}},"17":{"start":{"line":35,"column":6},"end":{"line":47,"column":7}},"18":{"start":{"line":36,"column":8},"end":{"line":36,"column":25}},"19":{"start":{"line":37,"column":8},"end":{"line":37,"column":22}},"20":{"start":{"line":38,"column":8},"end":{"line":38,"column":21}},"21":{"start":{"line":40,"column":11},"end":{"line":47,"column":7}},"22":{"start":{"line":41,"column":8},"end":{"line":41,"column":25}},"23":{"start":{"line":42,"column":8},"end":{"line":42,"column":22}},"24":{"start":{"line":43,"column":8},"end":{"line":43,"column":21}},"25":{"start":{"line":45,"column":8},"end":{"line":45,"column":42}},"26":{"start":{"line":46,"column":8},"end":{"line":46,"column":21}},"27":{"start":{"line":50,"column":25},"end":{"line":50,"column":27}},"28":{"start":{"line":51,"column":4},"end":{"line":55,"column":5}},"29":{"start":{"line":51,"column":17},"end":{"line":51,"column":18}},"30":{"start":{"line":52,"column":6},"end":{"line":52,"column":63}},"31":{"start":{"line":53,"column":6},"end":{"line":53,"column":125}},"32":{"start":{"line":54,"column":6},"end":{"line":54,"column":29}},"33":{"start":{"line":57,"column":4},"end":{"line":57,"column":33}},"34":{"start":{"line":61,"column":4},"end":{"line":65,"column":5}},"35":{"start":{"line":62,"column":6},"end":{"line":62,"column":75}},"36":{"start":{"line":63,"column":11},"end":{"line":65,"column":5}},"37":{"start":{"line":64,"column":6},"end":{"line":64,"column":63}},"38":{"start":{"line":69,"column":4},"end":{"line":71,"column":5}},"39":{"start":{"line":70,"column":6},"end":{"line":70,"column":86}},"40":{"start":{"line":75,"column":0},"end":{"line":75,"column":25}}},"fnMap":{"0":{"name":"(anonymous_0)","decl":{"start":{"line":4,"column":2},"end":{"line":4,"column":3}},"loc":{"start":{"line":4,"column":38},"end":{"line":9,"column":3}},"line":4},"1":{"name":"(anonymous_1)","decl":{"start":{"line":11,"column":2},"end":{"line":11,"column":3}},"loc":{"start":{"line":11,"column":17},"end":{"line":21,"column":3}},"line":11},"2":{"name":"(anonymous_2)","decl":{"start":{"line":23,"column":2},"end":{"line":23,"column":3}},"loc":{"start":{"line":23,"column":19},"end":{"line":30,"column":3}},"line":23},"3":{"name":"(anonymous_3)","decl":{"start":{"line":34,"column":44},"end":{"line":34,"column":45}},"loc":{"start":{"line":34,"column":68},"end":{"line":48,"column":5}},"line":34}},"branchMap":{"0":{"loc":{"start":{"line":35,"column":6},"end":{"line":47,"column":7}},"type":"if","locations":[{"start":{"line":35,"column":6},"end":{"line":47,"column":7}},{"start":{"line":40,"column":11},"end":{"line":47,"column":7}}],"line":35},"1":{"loc":{"start":{"line":40,"column":11},"end":{"line":47,"column":7}},"type":"if","locations":[{"start":{"line":40,"column":11},"end":{"line":47,"column":7}},{"start":{"line":44,"column":13},"end":{"line":47,"column":7}}],"line":40},"2":{"loc":{"start":{"line":61,"column":4},"end":{"line":65,"column":5}},"type":"if","locations":[{"start":{"line":61,"column":4},"end":{"line":65,"column":5}},{"start":{"line":63,"column":11},"end":{"line":65,"column":5}}],"line":61},"3":{"loc":{"start":{"line":61,"column":8},"end":{"line":61,"column":73}},"type":"binary-expr","locations":[{"start":{"line":61,"column":8},"end":{"line":61,"column":33}},{"start":{"line":61,"column":37},"end":{"line":61,"column":73}}],"line":61},"4":{"loc":{"start":{"line":63,"column":11},"end":{"line":65,"column":5}},"type":"if","locations":[{"start":{"line":63,"column":11},"end":{"line":65,"column":5}},{"start":{},"end":{}}],"line":63},"5":{"loc":{"start":{"line":69,"column":4},"end":{"line":71,"column":5}},"type":"if","locations":[{"start":{"line":69,"column":4},"end":{"line":71,"column":5}},{"start":{},"end":{}}],"line":69},"6":{"loc":{"start":{"line":69,"column":8},"end":{"line":69,"column":97}},"type":"binary-expr","locations":[{"start":{"line":69,"column":8},"end":{"line":69,"column":43}},{"start":{"line":69,"column":47},"end":{"line":69,"column":97}}],"line":69}},"s":{"0":2,"1":19,"2":15,"3":13,"4":13,"5":18,"6":18,"7":18,"8":18,"9":18,"10":18,"11":18,"12":18,"13":18,"14":17,"15":18,"16":18,"17":56,"18":18,"19":18,"20":18,"21":38,"22":20,"23":20,"24":20,"25":18,"26":18,"27":18,"28":18,"29":18,"30":38,"31":38,"32":38,"33":18,"34":19,"35":2,"36":17,"37":2,"38":15,"39":2,"40":2},"f":{"0":19,"1":18,"2":17,"3":56},"b":{"0":[18,38],"1":[20,18],"2":[2,17],"3":[19,18],"4":[2,15],"5":[2,13],"6":[15,14]},"_coverageSchema":"1a1c01bbd47fc00a2c39e90264f33305004495a9","hash":"16f37aa38130d95108a38aeb975c35ad80922613"}
}
