{"/Users/andy/projects/till-tech-test/order.js": {"path":"/Users/andy/projects/till-tech-test/order.js","statementMap":{"0":{"start":{"line":1,"column":13},"end":{"line":1,"column":39}},"1":{"start":{"line":5,"column":4},"end":{"line":5,"column":37}},"2":{"start":{"line":6,"column":4},"end":{"line":6,"column":31}},"3":{"start":{"line":7,"column":4},"end":{"line":7,"column":24}},"4":{"start":{"line":8,"column":4},"end":{"line":8,"column":24}},"5":{"start":{"line":9,"column":4},"end":{"line":9,"column":21}},"6":{"start":{"line":13,"column":4},"end":{"line":13,"column":23}},"7":{"start":{"line":17,"column":4},"end":{"line":17,"column":31}},"8":{"start":{"line":18,"column":4},"end":{"line":18,"column":24}},"9":{"start":{"line":22,"column":4},"end":{"line":22,"column":23}},"10":{"start":{"line":26,"column":4},"end":{"line":26,"column":37}},"11":{"start":{"line":27,"column":4},"end":{"line":27,"column":24}},"12":{"start":{"line":31,"column":4},"end":{"line":31,"column":29}},"13":{"start":{"line":32,"column":4},"end":{"line":32,"column":27}},"14":{"start":{"line":36,"column":4},"end":{"line":36,"column":29}},"15":{"start":{"line":37,"column":4},"end":{"line":37,"column":104}},"16":{"start":{"line":37,"column":37},"end":{"line":37,"column":104}},"17":{"start":{"line":38,"column":4},"end":{"line":38,"column":53}},"18":{"start":{"line":42,"column":4},"end":{"line":42,"column":23}},"19":{"start":{"line":46,"column":4},"end":{"line":46,"column":77}},"20":{"start":{"line":46,"column":35},"end":{"line":46,"column":77}},"21":{"start":{"line":47,"column":4},"end":{"line":47,"column":90}},"22":{"start":{"line":47,"column":32},"end":{"line":47,"column":90}},"23":{"start":{"line":51,"column":4},"end":{"line":51,"column":77}},"24":{"start":{"line":51,"column":35},"end":{"line":51,"column":77}},"25":{"start":{"line":52,"column":4},"end":{"line":52,"column":72}},"26":{"start":{"line":52,"column":22},"end":{"line":52,"column":72}},"27":{"start":{"line":56,"column":4},"end":{"line":56,"column":79}},"28":{"start":{"line":56,"column":34},"end":{"line":56,"column":79}},"29":{"start":{"line":57,"column":4},"end":{"line":57,"column":61}},"30":{"start":{"line":57,"column":21},"end":{"line":57,"column":61}},"31":{"start":{"line":58,"column":4},"end":{"line":58,"column":100}},"32":{"start":{"line":58,"column":49},"end":{"line":58,"column":100}},"33":{"start":{"line":62,"column":0},"end":{"line":62,"column":23}}},"fnMap":{"0":{"name":"(anonymous_0)","decl":{"start":{"line":4,"column":2},"end":{"line":4,"column":3}},"loc":{"start":{"line":4,"column":28},"end":{"line":10,"column":3}},"line":4},"1":{"name":"(anonymous_1)","decl":{"start":{"line":12,"column":2},"end":{"line":12,"column":3}},"loc":{"start":{"line":12,"column":13},"end":{"line":14,"column":3}},"line":12},"2":{"name":"(anonymous_2)","decl":{"start":{"line":16,"column":2},"end":{"line":16,"column":3}},"loc":{"start":{"line":16,"column":18},"end":{"line":19,"column":3}},"line":16},"3":{"name":"(anonymous_3)","decl":{"start":{"line":21,"column":2},"end":{"line":21,"column":3}},"loc":{"start":{"line":21,"column":13},"end":{"line":23,"column":3}},"line":21},"4":{"name":"(anonymous_4)","decl":{"start":{"line":25,"column":2},"end":{"line":25,"column":3}},"loc":{"start":{"line":25,"column":18},"end":{"line":28,"column":3}},"line":25},"5":{"name":"(anonymous_5)","decl":{"start":{"line":30,"column":2},"end":{"line":30,"column":3}},"loc":{"start":{"line":30,"column":16},"end":{"line":33,"column":3}},"line":30},"6":{"name":"(anonymous_6)","decl":{"start":{"line":35,"column":2},"end":{"line":35,"column":3}},"loc":{"start":{"line":35,"column":19},"end":{"line":39,"column":3}},"line":35},"7":{"name":"(anonymous_7)","decl":{"start":{"line":41,"column":2},"end":{"line":41,"column":3}},"loc":{"start":{"line":41,"column":13},"end":{"line":43,"column":3}},"line":41}},"branchMap":{"0":{"loc":{"start":{"line":37,"column":4},"end":{"line":37,"column":104}},"type":"if","locations":[{"start":{"line":37,"column":4},"end":{"line":37,"column":104}},{"start":{},"end":{}}],"line":37},"1":{"loc":{"start":{"line":46,"column":4},"end":{"line":46,"column":77}},"type":"if","locations":[{"start":{"line":46,"column":4},"end":{"line":46,"column":77}},{"start":{},"end":{}}],"line":46},"2":{"loc":{"start":{"line":47,"column":4},"end":{"line":47,"column":90}},"type":"if","locations":[{"start":{"line":47,"column":4},"end":{"line":47,"column":90}},{"start":{},"end":{}}],"line":47},"3":{"loc":{"start":{"line":47,"column":8},"end":{"line":47,"column":30}},"type":"binary-expr","locations":[{"start":{"line":47,"column":8},"end":{"line":47,"column":17}},{"start":{"line":47,"column":21},"end":{"line":47,"column":30}}],"line":47},"4":{"loc":{"start":{"line":51,"column":4},"end":{"line":51,"column":77}},"type":"if","locations":[{"start":{"line":51,"column":4},"end":{"line":51,"column":77}},{"start":{},"end":{}}],"line":51},"5":{"loc":{"start":{"line":52,"column":4},"end":{"line":52,"column":72}},"type":"if","locations":[{"start":{"line":52,"column":4},"end":{"line":52,"column":72}},{"start":{},"end":{}}],"line":52},"6":{"loc":{"start":{"line":56,"column":4},"end":{"line":56,"column":79}},"type":"if","locations":[{"start":{"line":56,"column":4},"end":{"line":56,"column":79}},{"start":{},"end":{}}],"line":56},"7":{"loc":{"start":{"line":57,"column":4},"end":{"line":57,"column":61}},"type":"if","locations":[{"start":{"line":57,"column":4},"end":{"line":57,"column":61}},{"start":{},"end":{}}],"line":57},"8":{"loc":{"start":{"line":58,"column":4},"end":{"line":58,"column":100}},"type":"if","locations":[{"start":{"line":58,"column":4},"end":{"line":58,"column":100}},{"start":{},"end":{}}],"line":58}},"s":{"0":2,"1":25,"2":22,"3":20,"4":20,"5":20,"6":4,"7":3,"8":1,"9":4,"10":4,"11":1,"12":18,"13":15,"14":5,"15":2,"16":1,"17":1,"18":10,"19":29,"20":2,"21":27,"22":4,"23":25,"24":2,"25":23,"26":2,"27":23,"28":2,"29":21,"30":2,"31":19,"32":2,"33":2},"f":{"0":25,"1":4,"2":3,"3":4,"4":4,"5":18,"6":5,"7":10},"b":{"0":[1,1],"1":[2,27],"2":[4,23],"3":[27,25],"4":[2,23],"5":[2,21],"6":[2,21],"7":[2,19],"8":[2,17]},"_coverageSchema":"1a1c01bbd47fc00a2c39e90264f33305004495a9","hash":"6b1eb55fd2f9b8b7f52ae878dd78c05d263360ad"}
,"/Users/andy/projects/till-tech-test/receipt.js": {"path":"/Users/andy/projects/till-tech-test/receipt.js","statementMap":{"0":{"start":{"line":1,"column":13},"end":{"line":1,"column":39}},"1":{"start":{"line":5,"column":4},"end":{"line":5,"column":31}},"2":{"start":{"line":6,"column":4},"end":{"line":6,"column":24}},"3":{"start":{"line":7,"column":4},"end":{"line":7,"column":25}},"4":{"start":{"line":11,"column":20},"end":{"line":11,"column":41}},"5":{"start":{"line":12,"column":4},"end":{"line":12,"column":19}},"6":{"start":{"line":16,"column":21},"end":{"line":16,"column":94}},"7":{"start":{"line":17,"column":21},"end":{"line":17,"column":85}},"8":{"start":{"line":18,"column":18},"end":{"line":18,"column":60}},"9":{"start":{"line":19,"column":17},"end":{"line":19,"column":46}},"10":{"start":{"line":20,"column":18},"end":{"line":20,"column":37}},"11":{"start":{"line":21,"column":23},"end":{"line":21,"column":50}},"12":{"start":{"line":22,"column":16},"end":{"line":22,"column":36}},"13":{"start":{"line":23,"column":20},"end":{"line":23,"column":105}},"14":{"start":{"line":24,"column":4},"end":{"line":24,"column":19}},"15":{"start":{"line":28,"column":4},"end":{"line":33,"column":13}},"16":{"start":{"line":37,"column":18},"end":{"line":37,"column":40}},"17":{"start":{"line":38,"column":31},"end":{"line":52,"column":10}},"18":{"start":{"line":39,"column":6},"end":{"line":51,"column":7}},"19":{"start":{"line":40,"column":8},"end":{"line":40,"column":25}},"20":{"start":{"line":41,"column":8},"end":{"line":41,"column":22}},"21":{"start":{"line":42,"column":8},"end":{"line":42,"column":21}},"22":{"start":{"line":44,"column":11},"end":{"line":51,"column":7}},"23":{"start":{"line":45,"column":8},"end":{"line":45,"column":25}},"24":{"start":{"line":46,"column":8},"end":{"line":46,"column":22}},"25":{"start":{"line":47,"column":8},"end":{"line":47,"column":21}},"26":{"start":{"line":49,"column":8},"end":{"line":49,"column":42}},"27":{"start":{"line":50,"column":8},"end":{"line":50,"column":21}},"28":{"start":{"line":54,"column":25},"end":{"line":54,"column":27}},"29":{"start":{"line":55,"column":4},"end":{"line":59,"column":5}},"30":{"start":{"line":55,"column":17},"end":{"line":55,"column":18}},"31":{"start":{"line":56,"column":6},"end":{"line":56,"column":63}},"32":{"start":{"line":57,"column":6},"end":{"line":57,"column":125}},"33":{"start":{"line":58,"column":6},"end":{"line":58,"column":29}},"34":{"start":{"line":61,"column":4},"end":{"line":61,"column":33}},"35":{"start":{"line":65,"column":18},"end":{"line":65,"column":40}},"36":{"start":{"line":66,"column":21},"end":{"line":66,"column":22}},"37":{"start":{"line":67,"column":4},"end":{"line":69,"column":6}},"38":{"start":{"line":68,"column":6},"end":{"line":68,"column":44}},"39":{"start":{"line":70,"column":4},"end":{"line":70,"column":39}},"40":{"start":{"line":71,"column":4},"end":{"line":71,"column":33}},"41":{"start":{"line":72,"column":4},"end":{"line":72,"column":59}},"42":{"start":{"line":76,"column":16},"end":{"line":76,"column":53}},"43":{"start":{"line":77,"column":4},"end":{"line":77,"column":50}},"44":{"start":{"line":81,"column":4},"end":{"line":81,"column":92}},"45":{"start":{"line":81,"column":35},"end":{"line":81,"column":92}},"46":{"start":{"line":82,"column":4},"end":{"line":82,"column":114}},"47":{"start":{"line":82,"column":46},"end":{"line":82,"column":114}},"48":{"start":{"line":83,"column":4},"end":{"line":83,"column":96}},"49":{"start":{"line":83,"column":39},"end":{"line":83,"column":96}},"50":{"start":{"line":87,"column":0},"end":{"line":87,"column":25}}},"fnMap":{"0":{"name":"(anonymous_0)","decl":{"start":{"line":4,"column":2},"end":{"line":4,"column":3}},"loc":{"start":{"line":4,"column":21},"end":{"line":8,"column":3}},"line":4},"1":{"name":"(anonymous_1)","decl":{"start":{"line":10,"column":2},"end":{"line":10,"column":3}},"loc":{"start":{"line":10,"column":17},"end":{"line":13,"column":3}},"line":10},"2":{"name":"(anonymous_2)","decl":{"start":{"line":27,"column":2},"end":{"line":27,"column":3}},"loc":{"start":{"line":27,"column":19},"end":{"line":34,"column":3}},"line":27},"3":{"name":"(anonymous_3)","decl":{"start":{"line":38,"column":44},"end":{"line":38,"column":45}},"loc":{"start":{"line":38,"column":68},"end":{"line":52,"column":5}},"line":38},"4":{"name":"(anonymous_4)","decl":{"start":{"line":67,"column":18},"end":{"line":67,"column":19}},"loc":{"start":{"line":67,"column":28},"end":{"line":69,"column":5}},"line":67}},"branchMap":{"0":{"loc":{"start":{"line":39,"column":6},"end":{"line":51,"column":7}},"type":"if","locations":[{"start":{"line":39,"column":6},"end":{"line":51,"column":7}},{"start":{"line":44,"column":11},"end":{"line":51,"column":7}}],"line":39},"1":{"loc":{"start":{"line":44,"column":11},"end":{"line":51,"column":7}},"type":"if","locations":[{"start":{"line":44,"column":11},"end":{"line":51,"column":7}},{"start":{"line":48,"column":13},"end":{"line":51,"column":7}}],"line":44},"2":{"loc":{"start":{"line":81,"column":4},"end":{"line":81,"column":92}},"type":"if","locations":[{"start":{"line":81,"column":4},"end":{"line":81,"column":92}},{"start":{},"end":{}}],"line":81},"3":{"loc":{"start":{"line":82,"column":4},"end":{"line":82,"column":114}},"type":"if","locations":[{"start":{"line":82,"column":4},"end":{"line":82,"column":114}},{"start":{},"end":{}}],"line":82},"4":{"loc":{"start":{"line":83,"column":4},"end":{"line":83,"column":96}},"type":"if","locations":[{"start":{"line":83,"column":4},"end":{"line":83,"column":96}},{"start":{},"end":{}}],"line":83}},"s":{"0":2,"1":17,"2":13,"3":13,"4":18,"5":18,"6":18,"7":18,"8":18,"9":18,"10":18,"11":18,"12":18,"13":18,"14":18,"15":17,"16":18,"17":18,"18":56,"19":18,"20":18,"21":18,"22":38,"23":20,"24":20,"25":20,"26":18,"27":18,"28":18,"29":18,"30":18,"31":38,"32":38,"33":38,"34":18,"35":18,"36":18,"37":18,"38":56,"39":18,"40":18,"41":18,"42":18,"43":18,"44":17,"45":1,"46":16,"47":1,"48":15,"49":2,"50":2},"f":{"0":17,"1":18,"2":17,"3":56,"4":56},"b":{"0":[18,38],"1":[20,18],"2":[1,16],"3":[1,15],"4":[2,13]},"_coverageSchema":"1a1c01bbd47fc00a2c39e90264f33305004495a9","hash":"3e06476e03a28ccba6bc1fe90655294f9e922523"}
}
