TN:
SF:order.js
FN:4,(anonymous_0)
FN:12,(anonymous_1)
FN:16,(anonymous_2)
FN:21,(anonymous_3)
FN:25,(anonymous_4)
FN:30,(anonymous_5)
FN:35,(anonymous_6)
FN:41,(anonymous_7)
FNF:8
FNH:8
FNDA:25,(anonymous_0)
FNDA:4,(anonymous_1)
FNDA:3,(anonymous_2)
FNDA:4,(anonymous_3)
FNDA:4,(anonymous_4)
FNDA:18,(anonymous_5)
FNDA:5,(anonymous_6)
FNDA:10,(anonymous_7)
DA:1,2
DA:5,25
DA:6,22
DA:7,20
DA:8,20
DA:9,20
DA:13,4
DA:17,3
DA:18,1
DA:22,4
DA:26,4
DA:27,1
DA:31,18
DA:32,15
DA:36,5
DA:37,2
DA:38,1
DA:42,10
DA:46,29
DA:47,27
DA:51,25
DA:52,23
DA:56,23
DA:57,21
DA:58,19
DA:62,2
LF:26
LH:26
BRDA:37,0,0,1
BRDA:37,0,1,1
BRDA:46,1,0,2
BRDA:46,1,1,27
BRDA:47,2,0,4
BRDA:47,2,1,23
BRDA:47,3,0,27
BRDA:47,3,1,25
BRDA:51,4,0,2
BRDA:51,4,1,23
BRDA:52,5,0,2
BRDA:52,5,1,21
BRDA:56,6,0,2
BRDA:56,6,1,21
BRDA:57,7,0,2
BRDA:57,7,1,19
BRDA:58,8,0,2
BRDA:58,8,1,17
BRF:18
BRH:18
end_of_record
TN:
SF:receipt.js
FN:4,(anonymous_0)
FN:10,(anonymous_1)
FN:27,(anonymous_2)
FN:38,(anonymous_3)
FN:67,(anonymous_4)
FNF:5
FNH:5
FNDA:17,(anonymous_0)
FNDA:18,(anonymous_1)
FNDA:17,(anonymous_2)
FNDA:56,(anonymous_3)
FNDA:56,(anonymous_4)
DA:1,2
DA:5,17
DA:6,13
DA:7,13
DA:11,18
DA:12,18
DA:16,18
DA:17,18
DA:18,18
DA:19,18
DA:20,18
DA:21,18
DA:22,18
DA:23,18
DA:24,18
DA:28,17
DA:37,18
DA:38,18
DA:39,56
DA:40,18
DA:41,18
DA:42,18
DA:44,38
DA:45,20
DA:46,20
DA:47,20
DA:49,18
DA:50,18
DA:54,18
DA:55,18
DA:56,38
DA:57,38
DA:58,38
DA:61,18
DA:65,18
DA:66,18
DA:67,18
DA:68,56
DA:70,18
DA:71,18
DA:72,18
DA:76,18
DA:77,18
DA:81,17
DA:82,16
DA:83,15
DA:87,2
LF:47
LH:47
BRDA:39,0,0,18
BRDA:39,0,1,38
BRDA:44,1,0,20
BRDA:44,1,1,18
BRDA:81,2,0,1
BRDA:81,2,1,16
BRDA:82,3,0,1
BRDA:82,3,1,15
BRDA:83,4,0,2
BRDA:83,4,1,13
BRF:10
BRH:10
end_of_record
