TN:
SF:order.js
FN:4,(anonymous_0)
FN:12,(anonymous_1)
FN:16,(anonymous_2)
FN:21,(anonymous_3)
FN:25,(anonymous_4)
FN:30,(anonymous_5)
FN:35,(anonymous_6)
FN:41,(anonymous_7)
FNF:8
FNH:8
FNDA:25,(anonymous_0)
FNDA:4,(anonymous_1)
FNDA:3,(anonymous_2)
FNDA:4,(anonymous_3)
FNDA:4,(anonymous_4)
FNDA:18,(anonymous_5)
FNDA:5,(anonymous_6)
FNDA:20,(anonymous_7)
DA:1,2
DA:5,25
DA:6,22
DA:7,22
DA:8,20
DA:9,20
DA:13,4
DA:17,3
DA:18,1
DA:22,4
DA:26,4
DA:27,1
DA:31,18
DA:32,15
DA:36,5
DA:37,2
DA:38,1
DA:42,20
DA:46,29
DA:47,27
DA:51,25
DA:52,23
DA:56,23
DA:57,21
DA:58,19
DA:62,2
LF:26
LH:26
BRDA:37,0,0,1
BRDA:37,0,1,1
BRDA:46,1,0,2
BRDA:46,1,1,27
BRDA:47,2,0,4
BRDA:47,2,1,23
BRDA:47,3,0,27
BRDA:47,3,1,25
BRDA:51,4,0,2
BRDA:51,4,1,23
BRDA:52,5,0,2
BRDA:52,5,1,21
BRDA:56,6,0,2
BRDA:56,6,1,21
BRDA:57,7,0,2
BRDA:57,7,1,19
BRDA:58,8,0,2
BRDA:58,8,1,17
BRF:18
BRH:18
end_of_record
TN:
SF:payment.js
FN:2,(anonymous_0)
FN:9,(anonymous_1)
FN:15,(anonymous_2)
FNF:3
FNH:3
FNDA:12,(anonymous_0)
FNDA:4,(anonymous_1)
FNDA:3,(anonymous_2)
DA:3,12
DA:4,9
DA:5,9
DA:6,6
DA:10,4
DA:11,4
DA:12,4
DA:16,3
DA:20,12
DA:21,2
DA:22,10
DA:23,1
DA:28,9
DA:29,1
DA:30,8
DA:31,1
DA:32,7
DA:33,1
DA:38,2
LF:19
LH:19
BRDA:20,0,0,2
BRDA:20,0,1,10
BRDA:20,1,0,12
BRDA:20,1,1,11
BRDA:22,2,0,1
BRDA:22,2,1,9
BRDA:28,3,0,1
BRDA:28,3,1,8
BRDA:30,4,0,1
BRDA:30,4,1,7
BRDA:32,5,0,1
BRDA:32,5,1,6
BRF:12
BRH:12
end_of_record
TN:
SF:priceCalculator.js
FN:4,(anonymous_0)
FN:9,(anonymous_1)
FN:12,(anonymous_2)
FN:18,(anonymous_3)
FNF:4
FNH:4
FNDA:10,(anonymous_0)
FNDA:14,(anonymous_1)
FNDA:50,(anonymous_2)
FNDA:4,(anonymous_3)
DA:1,2
DA:5,10
DA:6,7
DA:10,14
DA:11,14
DA:12,14
DA:13,50
DA:15,14
DA:19,4
DA:20,4
DA:24,10
DA:25,2
DA:26,8
DA:27,1
DA:32,2
LF:15
LH:15
BRDA:24,0,0,2
BRDA:24,0,1,8
BRDA:24,1,0,10
BRDA:24,1,1,9
BRDA:26,2,0,1
BRDA:26,2,1,7
BRF:6
BRH:6
end_of_record
TN:
SF:receipt.js
FN:4,(anonymous_0)
FN:12,(anonymous_1)
FN:27,(anonymous_2)
FN:38,(anonymous_3)
FNF:4
FNH:4
FNDA:23,(anonymous_0)
FNDA:24,(anonymous_1)
FNDA:23,(anonymous_2)
FNDA:74,(anonymous_3)
DA:1,2
DA:5,23
DA:6,19
DA:7,19
DA:8,17
DA:9,17
DA:13,24
DA:14,24
DA:15,24
DA:16,24
DA:17,24
DA:18,24
DA:19,24
DA:20,24
DA:21,24
DA:22,24
DA:23,24
DA:24,24
DA:28,23
DA:37,24
DA:38,24
DA:39,74
DA:40,24
DA:41,24
DA:42,24
DA:44,50
DA:45,26
DA:46,26
DA:47,26
DA:49,24
DA:50,24
DA:54,24
DA:55,24
DA:56,50
DA:57,50
DA:58,50
DA:61,24
DA:65,23
DA:66,2
DA:67,21
DA:68,2
DA:73,19
DA:74,2
DA:79,2
LF:44
LH:44
BRDA:39,0,0,24
BRDA:39,0,1,50
BRDA:44,1,0,26
BRDA:44,1,1,24
BRDA:65,2,0,2
BRDA:65,2,1,21
BRDA:65,3,0,23
BRDA:65,3,1,22
BRDA:67,4,0,2
BRDA:67,4,1,19
BRDA:73,5,0,2
BRDA:73,5,1,17
BRDA:73,6,0,19
BRDA:73,6,1,18
BRF:14
BRH:14
end_of_record
